Determining if the system is big endian passed with the following output:
Change Dir: /home/pi/emotion/EmotionDetect/opencv-2.4.13/build/CMakeFiles/CMakeTmp

Run Build Command:"/usr/bin/make" "cmTryCompileExec1134354640/fast"
/usr/bin/make -f CMakeFiles/cmTryCompileExec1134354640.dir/build.make CMakeFiles/cmTryCompileExec1134354640.dir/build
make[1]: Entering directory '/home/pi/emotion/EmotionDetect/opencv-2.4.13/build/CMakeFiles/CMakeTmp'
/usr/bin/cmake -E cmake_progress_report /home/pi/emotion/EmotionDetect/opencv-2.4.13/build/CMakeFiles/CMakeTmp/CMakeFiles 1
Building C object CMakeFiles/cmTryCompileExec1134354640.dir/TestEndianess.c.o
/usr/bin/cc   -fsigned-char -W -Wall -Werror=return-type -Werror=address -Werror=sequence-point -Wformat -Werror=format-security -Wmissing-declarations -Wmissing-prototypes -Wstrict-prototypes -Wundef -Winit-self -Wpointer-arith -Wshadow -Wno-narrowing -Wno-array-bounds -Wno-aggressive-loop-optimizations -fdiagnostics-show-option -pthread -fomit-frame-pointer -ffunction-sections  -O3 -DNDEBUG   -o CMakeFiles/cmTryCompileExec1134354640.dir/TestEndianess.c.o   -c /home/pi/emotion/EmotionDetect/opencv-2.4.13/build/CMakeFiles/CMakeTmp/TestEndianess.c
Linking C executable cmTryCompileExec1134354640
/usr/bin/cmake -E cmake_link_script CMakeFiles/cmTryCompileExec1134354640.dir/link.txt --verbose=1
/usr/bin/cc     -fsigned-char -W -Wall -Werror=return-type -Werror=address -Werror=sequence-point -Wformat -Werror=format-security -Wmissing-declarations -Wmissing-prototypes -Wstrict-prototypes -Wundef -Winit-self -Wpointer-arith -Wshadow -Wno-narrowing -Wno-array-bounds -Wno-aggressive-loop-optimizations -fdiagnostics-show-option -pthread -fomit-frame-pointer -ffunction-sections  -O3 -DNDEBUG    CMakeFiles/cmTryCompileExec1134354640.dir/TestEndianess.c.o  -o cmTryCompileExec1134354640 -rdynamic 
make[1]: Leaving directory '/home/pi/emotion/EmotionDetect/opencv-2.4.13/build/CMakeFiles/CMakeTmp'

TestEndianess.c:
/* A 16 bit integer is required. */
typedef unsigned short cmakeint16;

/* On a little endian machine, these 16bit ints will give "THIS IS LITTLE ENDIAN."
   On a big endian machine the characters will be exchanged pairwise. */
const cmakeint16 info_little[] =  {0x4854, 0x5349, 0x4920, 0x2053, 0x494c, 0x5454, 0x454c, 0x4520, 0x444e, 0x4149, 0x2e4e, 0x0000};

/* on a big endian machine, these 16bit ints will give "THIS IS BIG ENDIAN."
   On a little endian machine the characters will be exchanged pairwise. */
const cmakeint16 info_big[] =     {0x5448, 0x4953, 0x2049, 0x5320, 0x4249, 0x4720, 0x454e, 0x4449, 0x414e, 0x2e2e, 0x0000};

#ifdef __CLASSIC_C__
int main(argc, argv) int argc; char *argv[];
#else
int main(int argc, char *argv[])
#endif
{
  int require = 0;
  require += info_little[argc];
  require += info_big[argc];
  (void)argv;
  return require;
}


Determining if the include file linux/videodev.h exists failed with the following output:
Change Dir: /home/pi/emotion/EmotionDetect/opencv-2.4.13/build/CMakeFiles/CMakeTmp

Run Build Command:"/usr/bin/make" "cmTryCompileExec760115044/fast"
/usr/bin/make -f CMakeFiles/cmTryCompileExec760115044.dir/build.make CMakeFiles/cmTryCompileExec760115044.dir/build
make[1]: Entering directory '/home/pi/emotion/EmotionDetect/opencv-2.4.13/build/CMakeFiles/CMakeTmp'
/usr/bin/cmake -E cmake_progress_report /home/pi/emotion/EmotionDetect/opencv-2.4.13/build/CMakeFiles/CMakeTmp/CMakeFiles 1
Building C object CMakeFiles/cmTryCompileExec760115044.dir/CheckIncludeFile.c.o
/usr/bin/cc   -fsigned-char -W -Wall -Werror=return-type -Werror=address -Werror=sequence-point -Wformat -Werror=format-security -Wmissing-declarations -Wmissing-prototypes -Wstrict-prototypes -Wundef -Winit-self -Wpointer-arith -Wshadow -Wno-narrowing -Wno-array-bounds -Wno-aggressive-loop-optimizations -fdiagnostics-show-option -pthread -fomit-frame-pointer -ffunction-sections  -O3 -DNDEBUG   -o CMakeFiles/cmTryCompileExec760115044.dir/CheckIncludeFile.c.o   -c /home/pi/emotion/EmotionDetect/opencv-2.4.13/build/CMakeFiles/CMakeTmp/CheckIncludeFile.c
/home/pi/emotion/EmotionDetect/opencv-2.4.13/build/CMakeFiles/CMakeTmp/CheckIncludeFile.c:1:28: fatal error: linux/videodev.h: No such file or directory
 #include <linux/videodev.h>
                            ^
compilation terminated.
CMakeFiles/cmTryCompileExec760115044.dir/build.make:57: recipe for target 'CMakeFiles/cmTryCompileExec760115044.dir/CheckIncludeFile.c.o' failed
make[1]: Leaving directory '/home/pi/emotion/EmotionDetect/opencv-2.4.13/build/CMakeFiles/CMakeTmp'
make[1]: *** [CMakeFiles/cmTryCompileExec760115044.dir/CheckIncludeFile.c.o] Error 1
Makefile:118: recipe for target 'cmTryCompileExec760115044/fast' failed
make: *** [cmTryCompileExec760115044/fast] Error 2


Determining if the include file sys/videoio.h exists failed with the following output:
Change Dir: /home/pi/emotion/EmotionDetect/opencv-2.4.13/build/CMakeFiles/CMakeTmp

Run Build Command:"/usr/bin/make" "cmTryCompileExec3658179819/fast"
/usr/bin/make -f CMakeFiles/cmTryCompileExec3658179819.dir/build.make CMakeFiles/cmTryCompileExec3658179819.dir/build
make[1]: Entering directory '/home/pi/emotion/EmotionDetect/opencv-2.4.13/build/CMakeFiles/CMakeTmp'
/usr/bin/cmake -E cmake_progress_report /home/pi/emotion/EmotionDetect/opencv-2.4.13/build/CMakeFiles/CMakeTmp/CMakeFiles 1
Building C object CMakeFiles/cmTryCompileExec3658179819.dir/CheckIncludeFile.c.o
/usr/bin/cc   -fsigned-char -W -Wall -Werror=return-type -Werror=address -Werror=sequence-point -Wformat -Werror=format-security -Wmissing-declarations -Wmissing-prototypes -Wstrict-prototypes -Wundef -Winit-self -Wpointer-arith -Wshadow -Wno-narrowing -Wno-array-bounds -Wno-aggressive-loop-optimizations -fdiagnostics-show-option -pthread -fomit-frame-pointer -ffunction-sections  -O3 -DNDEBUG   -o CMakeFiles/cmTryCompileExec3658179819.dir/CheckIncludeFile.c.o   -c /home/pi/emotion/EmotionDetect/opencv-2.4.13/build/CMakeFiles/CMakeTmp/CheckIncludeFile.c
/home/pi/emotion/EmotionDetect/opencv-2.4.13/build/CMakeFiles/CMakeTmp/CheckIncludeFile.c:1:25: fatal error: sys/videoio.h: No such file or directory
 #include <sys/videoio.h>
                         ^
compilation terminated.
CMakeFiles/cmTryCompileExec3658179819.dir/build.make:57: recipe for target 'CMakeFiles/cmTryCompileExec3658179819.dir/CheckIncludeFile.c.o' failed
make[1]: Leaving directory '/home/pi/emotion/EmotionDetect/opencv-2.4.13/build/CMakeFiles/CMakeTmp'
make[1]: *** [CMakeFiles/cmTryCompileExec3658179819.dir/CheckIncludeFile.c.o] Error 1
Makefile:118: recipe for target 'cmTryCompileExec3658179819/fast' failed
make: *** [cmTryCompileExec3658179819/fast] Error 2


Determining if the include file ffmpeg/avformat.h exists failed with the following output:
Change Dir: /home/pi/emotion/EmotionDetect/opencv-2.4.13/build/CMakeFiles/CMakeTmp

Run Build Command:"/usr/bin/make" "cmTryCompileExec2831148655/fast"
/usr/bin/make -f CMakeFiles/cmTryCompileExec2831148655.dir/build.make CMakeFiles/cmTryCompileExec2831148655.dir/build
make[1]: Entering directory '/home/pi/emotion/EmotionDetect/opencv-2.4.13/build/CMakeFiles/CMakeTmp'
/usr/bin/cmake -E cmake_progress_report /home/pi/emotion/EmotionDetect/opencv-2.4.13/build/CMakeFiles/CMakeTmp/CMakeFiles 1
Building C object CMakeFiles/cmTryCompileExec2831148655.dir/CheckIncludeFile.c.o
/usr/bin/cc   -fsigned-char -W -Wall -Werror=return-type -Werror=address -Werror=sequence-point -Wformat -Werror=format-security -Wmissing-declarations -Wmissing-prototypes -Wstrict-prototypes -Wundef -Winit-self -Wpointer-arith -Wshadow -Wno-narrowing -Wno-array-bounds -Wno-aggressive-loop-optimizations -fdiagnostics-show-option -pthread -fomit-frame-pointer -ffunction-sections  -O3 -DNDEBUG   -o CMakeFiles/cmTryCompileExec2831148655.dir/CheckIncludeFile.c.o   -c /home/pi/emotion/EmotionDetect/opencv-2.4.13/build/CMakeFiles/CMakeTmp/CheckIncludeFile.c
/home/pi/emotion/EmotionDetect/opencv-2.4.13/build/CMakeFiles/CMakeTmp/CheckIncludeFile.c:1:29: fatal error: ffmpeg/avformat.h: No such file or directory
 #include <ffmpeg/avformat.h>
                             ^
compilation terminated.
CMakeFiles/cmTryCompileExec2831148655.dir/build.make:57: recipe for target 'CMakeFiles/cmTryCompileExec2831148655.dir/CheckIncludeFile.c.o' failed
make[1]: Leaving directory '/home/pi/emotion/EmotionDetect/opencv-2.4.13/build/CMakeFiles/CMakeTmp'
make[1]: *** [CMakeFiles/cmTryCompileExec2831148655.dir/CheckIncludeFile.c.o] Error 1
Makefile:118: recipe for target 'cmTryCompileExec2831148655/fast' failed
make: *** [cmTryCompileExec2831148655/fast] Error 2


